Analysis & Synthesis report for relogioDigital
Sat Apr 07 17:38:47 2018
Quartus Prime Version 16.1.0 Build 196 10/24/2016 SJ Lite Edition


---------------------
; Table of Contents ;
---------------------
  1. Legal Notice
  2. Analysis & Synthesis Summary
  3. Analysis & Synthesis Settings
  4. Parallel Compilation
  5. Analysis & Synthesis Source Files Read
  6. Analysis & Synthesis Resource Usage Summary
  7. Analysis & Synthesis Resource Utilization by Entity
  8. Registers Removed During Synthesis
  9. General Register Statistics
 10. Multiplexer Restructuring Statistics (Restructuring Performed)
 11. Parameter Settings for User Entity Instance: divisorDeClock:Bloco_1
 12. Port Connectivity Checks: "contadorDecadaUpDown:Bloco_3"
 13. Port Connectivity Checks: "contadorDecadaUpDown:Bloco_2"
 14. Port Connectivity Checks: "divisorDeClock:Bloco_1"
 15. Post-Synthesis Netlist Statistics for Top Partition
 16. Elapsed Time Per Partition
 17. Analysis & Synthesis Messages



----------------
; Legal Notice ;
----------------
Copyright (C) 2016  Intel Corporation. All rights reserved.
Your use of Intel Corporation's design tools, logic functions 
and other software and tools, and its AMPP partner logic 
functions, and any output files from any of the foregoing 
(including device programming or simulation files), and any 
associated documentation or information are expressly subject 
to the terms and conditions of the Intel Program License 
Subscription Agreement, the Intel Quartus Prime License Agreement,
the Intel MegaCore Function License Agreement, or other 
applicable license agreement, including, without limitation, 
that your use is for the sole purpose of programming logic 
devices manufactured by Intel and sold by Intel or its 
authorized distributors.  Please refer to the applicable 
agreement for further details.



+-------------------------------------------------------------------------------+
; Analysis & Synthesis Summary                                                  ;
+---------------------------------+---------------------------------------------+
; Analysis & Synthesis Status     ; Successful - Sat Apr 07 17:38:47 2018       ;
; Quartus Prime Version           ; 16.1.0 Build 196 10/24/2016 SJ Lite Edition ;
; Revision Name                   ; relogioDigital                              ;
; Top-level Entity Name           ; relogioDigital                              ;
; Family                          ; Cyclone V                                   ;
; Logic utilization (in ALMs)     ; N/A                                         ;
; Total registers                 ; 9                                           ;
; Total pins                      ; 27                                          ;
; Total virtual pins              ; 0                                           ;
; Total block memory bits         ; 0                                           ;
; Total DSP Blocks                ; 0                                           ;
; Total HSSI RX PCSs              ; 0                                           ;
; Total HSSI PMA RX Deserializers ; 0                                           ;
; Total HSSI TX PCSs              ; 0                                           ;
; Total HSSI PMA TX Serializers   ; 0                                           ;
; Total PLLs                      ; 0                                           ;
; Total DLLs                      ; 0                                           ;
+---------------------------------+---------------------------------------------+


+---------------------------------------------------------------------------------------------------------------------------+
; Analysis & Synthesis Settings                                                                                             ;
+---------------------------------------------------------------------------------+--------------------+--------------------+
; Option                                                                          ; Setting            ; Default Value      ;
+---------------------------------------------------------------------------------+--------------------+--------------------+
; Device                                                                          ; 5CEBA4F23C7        ;                    ;
; Top-level entity name                                                           ; relogioDigital     ; relogioDigital     ;
; Family name                                                                     ; Cyclone V          ; Cyclone V          ;
; Use smart compilation                                                           ; Off                ; Off                ;
; Enable parallel Assembler and TimeQuest Timing Analyzer during compilation      ; On                 ; On                 ;
; Enable compact report table                                                     ; Off                ; Off                ;
; Restructure Multiplexers                                                        ; Auto               ; Auto               ;
; MLAB Add Timing Constraints For Mixed-Port Feed-Through Mode Setting Don't Care ; Off                ; Off                ;
; Create Debugging Nodes for IP Cores                                             ; Off                ; Off                ;
; Preserve fewer node names                                                       ; On                 ; On                 ;
; OpenCore Plus hardware evaluation                                               ; Enable             ; Enable             ;
; Verilog Version                                                                 ; Verilog_2001       ; Verilog_2001       ;
; VHDL Version                                                                    ; VHDL_1993          ; VHDL_1993          ;
; State Machine Processing                                                        ; Auto               ; Auto               ;
; Safe State Machine                                                              ; Off                ; Off                ;
; Extract Verilog State Machines                                                  ; On                 ; On                 ;
; Extract VHDL State Machines                                                     ; On                 ; On                 ;
; Ignore Verilog initial constructs                                               ; Off                ; Off                ;
; Iteration limit for constant Verilog loops                                      ; 5000               ; 5000               ;
; Iteration limit for non-constant Verilog loops                                  ; 250                ; 250                ;
; Add Pass-Through Logic to Inferred RAMs                                         ; On                 ; On                 ;
; Infer RAMs from Raw Logic                                                       ; On                 ; On                 ;
; Parallel Synthesis                                                              ; On                 ; On                 ;
; DSP Block Balancing                                                             ; Auto               ; Auto               ;
; NOT Gate Push-Back                                                              ; On                 ; On                 ;
; Power-Up Don't Care                                                             ; On                 ; On                 ;
; Remove Redundant Logic Cells                                                    ; Off                ; Off                ;
; Remove Duplicate Registers                                                      ; On                 ; On                 ;
; Ignore CARRY Buffers                                                            ; Off                ; Off                ;
; Ignore CASCADE Buffers                                                          ; Off                ; Off                ;
; Ignore GLOBAL Buffers                                                           ; Off                ; Off                ;
; Ignore ROW GLOBAL Buffers                                                       ; Off                ; Off                ;
; Ignore LCELL Buffers                                                            ; Off                ; Off                ;
; Ignore SOFT Buffers                                                             ; On                 ; On                 ;
; Limit AHDL Integers to 32 Bits                                                  ; Off                ; Off                ;
; Optimization Technique                                                          ; Balanced           ; Balanced           ;
; Carry Chain Length                                                              ; 70                 ; 70                 ;
; Auto Carry Chains                                                               ; On                 ; On                 ;
; Auto Open-Drain Pins                                                            ; On                 ; On                 ;
; Perform WYSIWYG Primitive Resynthesis                                           ; Off                ; Off                ;
; Auto ROM Replacement                                                            ; On                 ; On                 ;
; Auto RAM Replacement                                                            ; On                 ; On                 ;
; Auto DSP Block Replacement                                                      ; On                 ; On                 ;
; Auto Shift Register Replacement                                                 ; Auto               ; Auto               ;
; Allow Shift Register Merging across Hierarchies                                 ; Auto               ; Auto               ;
; Auto Clock Enable Replacement                                                   ; On                 ; On                 ;
; Strict RAM Replacement                                                          ; Off                ; Off                ;
; Allow Synchronous Control Signals                                               ; On                 ; On                 ;
; Force Use of Synchronous Clear Signals                                          ; Off                ; Off                ;
; Auto Resource Sharing                                                           ; Off                ; Off                ;
; Allow Any RAM Size For Recognition                                              ; Off                ; Off                ;
; Allow Any ROM Size For Recognition                                              ; Off                ; Off                ;
; Allow Any Shift Register Size For Recognition                                   ; Off                ; Off                ;
; Use LogicLock Constraints during Resource Balancing                             ; On                 ; On                 ;
; Ignore translate_off and synthesis_off directives                               ; Off                ; Off                ;
; Timing-Driven Synthesis                                                         ; On                 ; On                 ;
; Report Parameter Settings                                                       ; On                 ; On                 ;
; Report Source Assignments                                                       ; On                 ; On                 ;
; Report Connectivity Checks                                                      ; On                 ; On                 ;
; Ignore Maximum Fan-Out Assignments                                              ; Off                ; Off                ;
; Synchronization Register Chain Length                                           ; 3                  ; 3                  ;
; PowerPlay Power Optimization During Synthesis                                   ; Normal compilation ; Normal compilation ;
; HDL message level                                                               ; Level2             ; Level2             ;
; Suppress Register Optimization Related Messages                                 ; Off                ; Off                ;
; Number of Removed Registers Reported in Synthesis Report                        ; 5000               ; 5000               ;
; Number of Swept Nodes Reported in Synthesis Report                              ; 5000               ; 5000               ;
; Number of Inverted Registers Reported in Synthesis Report                       ; 100                ; 100                ;
; Clock MUX Protection                                                            ; On                 ; On                 ;
; Auto Gated Clock Conversion                                                     ; Off                ; Off                ;
; Block Design Naming                                                             ; Auto               ; Auto               ;
; SDC constraint protection                                                       ; Off                ; Off                ;
; Synthesis Effort                                                                ; Auto               ; Auto               ;
; Shift Register Replacement - Allow Asynchronous Clear Signal                    ; On                 ; On                 ;
; Pre-Mapping Resynthesis Optimization                                            ; Off                ; Off                ;
; Analysis & Synthesis Message Level                                              ; Medium             ; Medium             ;
; Disable Register Merging Across Hierarchies                                     ; Auto               ; Auto               ;
; Resource Aware Inference For Block RAM                                          ; On                 ; On                 ;
; Automatic Parallel Synthesis                                                    ; On                 ; On                 ;
; Partial Reconfiguration Bitstream ID                                            ; Off                ; Off                ;
+---------------------------------------------------------------------------------+--------------------+--------------------+


+------------------------------------------+
; Parallel Compilation                     ;
+----------------------------+-------------+
; Processors                 ; Number      ;
+----------------------------+-------------+
; Number detected on machine ; 4           ;
; Maximum allowed            ; 2           ;
;                            ;             ;
; Average used               ; 1.00        ;
; Maximum used               ; 2           ;
;                            ;             ;
; Usage by Processor         ; % Time Used ;
;     Processor 1            ; 100.0%      ;
;     Processor 2            ;   0.0%      ;
+----------------------------+-------------+


+-------------------------------------------------------------------------------------------------------------------------------------------------+
; Analysis & Synthesis Source Files Read                                                                                                          ;
+----------------------------------+-----------------+-----------------+----------------------------------------------------------------+---------+
; File Name with User-Entered Path ; Used in Netlist ; File Type       ; File Name with Absolute Path                                   ; Library ;
+----------------------------------+-----------------+-----------------+----------------------------------------------------------------+---------+
; contadorDecadaUpDown.vhd         ; yes             ; User VHDL File  ; C:/Users/Breno/Desktop/relogioDigital/contadorDecadaUpDown.vhd ;         ;
; divisorDeClock.vhd               ; yes             ; User VHDL File  ; C:/Users/Breno/Desktop/relogioDigital/divisorDeClock.vhd       ;         ;
; relogioDigital.vhd               ; yes             ; User VHDL File  ; C:/Users/Breno/Desktop/relogioDigital/relogioDigital.vhd       ;         ;
; setesegmentos.vhd                ; yes             ; User VHDL File  ; C:/Users/Breno/Desktop/relogioDigital/setesegmentos.vhd        ;         ;
+----------------------------------+-----------------+-----------------+----------------------------------------------------------------+---------+


+----------------------------------------------------------+
; Analysis & Synthesis Resource Usage Summary              ;
+---------------------------------------------+------------+
; Resource                                    ; Usage      ;
+---------------------------------------------+------------+
; Estimate of Logic utilization (ALMs needed) ; 21         ;
;                                             ;            ;
; Combinational ALUT usage for logic          ; 33         ;
;     -- 7 input functions                    ; 0          ;
;     -- 6 input functions                    ; 8          ;
;     -- 5 input functions                    ; 0          ;
;     -- 4 input functions                    ; 23         ;
;     -- <=3 input functions                  ; 2          ;
;                                             ;            ;
; Dedicated logic registers                   ; 9          ;
;                                             ;            ;
; I/O pins                                    ; 27         ;
;                                             ;            ;
; Total DSP Blocks                            ; 0          ;
;                                             ;            ;
; Maximum fan-out node                        ; load~input ;
; Maximum fan-out                             ; 13         ;
; Total fan-out                               ; 211        ;
; Average fan-out                             ; 2.20       ;
+---------------------------------------------+------------+


+---------------------------------------------------------------------------------------------------------------------------------------------------------------------------------------------------------------------------------+
; Analysis & Synthesis Resource Utilization by Entity                                                                                                                                                                             ;
+-----------------------------------+---------------------+---------------------------+-------------------+------------+------+--------------+----------------------------------------------+----------------------+--------------+
; Compilation Hierarchy Node        ; Combinational ALUTs ; Dedicated Logic Registers ; Block Memory Bits ; DSP Blocks ; Pins ; Virtual Pins ; Full Hierarchy Name                          ; Entity Name          ; Library Name ;
+-----------------------------------+---------------------+---------------------------+-------------------+------------+------+--------------+----------------------------------------------+----------------------+--------------+
; |relogioDigital                   ; 33 (0)              ; 9 (0)                     ; 0                 ; 0          ; 27   ; 0            ; |relogioDigital                              ; relogioDigital       ; work         ;
;    |contadorDecadaUpDown:Bloco_2| ; 9 (9)               ; 4 (4)                     ; 0                 ; 0          ; 0    ; 0            ; |relogioDigital|contadorDecadaUpDown:Bloco_2 ; contadorDecadaUpDown ; work         ;
;    |contadorDecadaUpDown:Bloco_3| ; 9 (9)               ; 4 (4)                     ; 0                 ; 0          ; 0    ; 0            ; |relogioDigital|contadorDecadaUpDown:Bloco_3 ; contadorDecadaUpDown ; work         ;
;    |divisorDeClock:Bloco_1|       ; 1 (1)               ; 1 (1)                     ; 0                 ; 0          ; 0    ; 0            ; |relogioDigital|divisorDeClock:Bloco_1       ; divisorDeClock       ; work         ;
;    |setesegmentos:Bloco_4|        ; 7 (7)               ; 0 (0)                     ; 0                 ; 0          ; 0    ; 0            ; |relogioDigital|setesegmentos:Bloco_4        ; setesegmentos        ; work         ;
;    |setesegmentos:Bloco_5|        ; 7 (7)               ; 0 (0)                     ; 0                 ; 0          ; 0    ; 0            ; |relogioDigital|setesegmentos:Bloco_5        ; setesegmentos        ; work         ;
+-----------------------------------+---------------------+---------------------------+-------------------+------------+------+--------------+----------------------------------------------+----------------------+--------------+
Note: For table entries with two numbers listed, the numbers in parentheses indicate the number of resources of the given type used by the specific entity alone. The numbers listed outside of parentheses indicate the total resources of the given type used by the specific entity and all of its sub-entities in the hierarchy.


+-----------------------------------------------------------------+
; Registers Removed During Synthesis                              ;
+--------------------------------------------+--------------------+
; Register name                              ; Reason for Removal ;
+--------------------------------------------+--------------------+
; divisorDeClock:Bloco_1|\clkdiv_proc:count1 ; Lost fanout        ;
; Total Number of Removed Registers = 1      ;                    ;
+--------------------------------------------+--------------------+


+------------------------------------------------------+
; General Register Statistics                          ;
+----------------------------------------------+-------+
; Statistic                                    ; Value ;
+----------------------------------------------+-------+
; Total registers                              ; 9     ;
; Number of registers using Synchronous Clear  ; 0     ;
; Number of registers using Synchronous Load   ; 0     ;
; Number of registers using Asynchronous Clear ; 8     ;
; Number of registers using Asynchronous Load  ; 0     ;
; Number of registers using Clock Enable       ; 0     ;
; Number of registers using Preset             ; 0     ;
+----------------------------------------------+-------+


+--------------------------------------------------------------------------------------------------------------------------------------------------------------------+
; Multiplexer Restructuring Statistics (Restructuring Performed)                                                                                                     ;
+--------------------+-----------+---------------+----------------------+------------------------+------------+------------------------------------------------------+
; Multiplexer Inputs ; Bus Width ; Baseline Area ; Area if Restructured ; Saving if Restructured ; Registered ; Example Multiplexer Output                           ;
+--------------------+-----------+---------------+----------------------+------------------------+------------+------------------------------------------------------+
; 3:1                ; 3 bits    ; 6 LEs         ; 6 LEs                ; 0 LEs                  ; Yes        ; |relogioDigital|contadorDecadaUpDown:Bloco_2|temp[3] ;
; 3:1                ; 3 bits    ; 6 LEs         ; 6 LEs                ; 0 LEs                  ; Yes        ; |relogioDigital|contadorDecadaUpDown:Bloco_3|temp[3] ;
+--------------------+-----------+---------------+----------------------+------------------------+------------+------------------------------------------------------+


+---------------------------------------------------------------------+
; Parameter Settings for User Entity Instance: divisorDeClock:Bloco_1 ;
+----------------+--------+-------------------------------------------+
; Parameter Name ; Value  ; Type                                      ;
+----------------+--------+-------------------------------------------+
; DIV1Hz         ; 2      ; Signed Integer                            ;
; DIV100Hz       ; 500000 ; Signed Integer                            ;
; DIV1KHz        ; 50000  ; Signed Integer                            ;
; DIV440Hz       ; 113636 ; Signed Integer                            ;
; DIV1760Hz      ; 20409  ; Signed Integer                            ;
+----------------+--------+-------------------------------------------+
Note: In order to hide this table in the UI and the text report file, please set the "Show Parameter Settings in Synthesis Report" option in "Analysis and Synthesis Settings -> More Settings" to "Off".


+----------------------------------------------------------------------------------------------------------------+
; Port Connectivity Checks: "contadorDecadaUpDown:Bloco_3"                                                       ;
+------+--------+----------+-------------------------------------------------------------------------------------+
; Port ; Type   ; Severity ; Details                                                                             ;
+------+--------+----------+-------------------------------------------------------------------------------------+
; dir  ; Input  ; Info     ; Stuck at GND                                                                        ;
; rco  ; Output ; Info     ; Connected to dangling logic. Logic that only feeds a dangling port will be removed. ;
+------+--------+----------+-------------------------------------------------------------------------------------+


+----------------------------------------------------------------------------------------------------------------+
; Port Connectivity Checks: "contadorDecadaUpDown:Bloco_2"                                                       ;
+------+--------+----------+-------------------------------------------------------------------------------------+
; Port ; Type   ; Severity ; Details                                                                             ;
+------+--------+----------+-------------------------------------------------------------------------------------+
; dir  ; Input  ; Info     ; Stuck at GND                                                                        ;
; rco  ; Output ; Info     ; Connected to dangling logic. Logic that only feeds a dangling port will be removed. ;
+------+--------+----------+-------------------------------------------------------------------------------------+


+------------------------------------------------------------------------------------------------------------------------+
; Port Connectivity Checks: "divisorDeClock:Bloco_1"                                                                     ;
+--------------+--------+----------+-------------------------------------------------------------------------------------+
; Port         ; Type   ; Severity ; Details                                                                             ;
+--------------+--------+----------+-------------------------------------------------------------------------------------+
; clkout100hz  ; Output ; Info     ; Connected to dangling logic. Logic that only feeds a dangling port will be removed. ;
; clkout1khz   ; Output ; Info     ; Connected to dangling logic. Logic that only feeds a dangling port will be removed. ;
; clkout440hz  ; Output ; Info     ; Connected to dangling logic. Logic that only feeds a dangling port will be removed. ;
; clkout1760hz ; Output ; Info     ; Connected to dangling logic. Logic that only feeds a dangling port will be removed. ;
+--------------+--------+----------+-------------------------------------------------------------------------------------+


+-----------------------------------------------------+
; Post-Synthesis Netlist Statistics for Top Partition ;
+-----------------------+-----------------------------+
; Type                  ; Count                       ;
+-----------------------+-----------------------------+
; arriav_ff             ; 9                           ;
;     CLR               ; 8                           ;
;     plain             ; 1                           ;
; arriav_lcell_comb     ; 35                          ;
;     normal            ; 35                          ;
;         1 data inputs ; 3                           ;
;         3 data inputs ; 1                           ;
;         4 data inputs ; 23                          ;
;         6 data inputs ; 8                           ;
; boundary_port         ; 27                          ;
;                       ;                             ;
; Max LUT depth         ; 2.00                        ;
; Average LUT depth     ; 1.63                        ;
+-----------------------+-----------------------------+


+-------------------------------+
; Elapsed Time Per Partition    ;
+----------------+--------------+
; Partition Name ; Elapsed Time ;
+----------------+--------------+
; Top            ; 00:00:01     ;
+----------------+--------------+


+-------------------------------+
; Analysis & Synthesis Messages ;
+-------------------------------+
Info: *******************************************************************
Info: Running Quartus Prime Analysis & Synthesis
    Info: Version 16.1.0 Build 196 10/24/2016 SJ Lite Edition
    Info: Processing started: Sat Apr 07 17:38:17 2018
Info: Command: quartus_map --read_settings_files=on --write_settings_files=off relogioDigital -c relogioDigital
Warning (18236): Number of processors has not been specified which may cause overloading on shared machines.  Set the global assignment NUM_PARALLEL_PROCESSORS in your QSF to an appropriate value for best performance.
Info (20030): Parallel compilation is enabled and will use 2 of the 2 processors detected
Info (12021): Found 2 design units, including 1 entities, in source file contador4bitsupdown.vhd
    Info (12022): Found design unit 1: contador4bitsUpDown-comportamental File: C:/Users/Breno/Desktop/relogioDigital/contador4bitsUpDown.vhd Line: 20
    Info (12023): Found entity 1: contador4bitsUpDown File: C:/Users/Breno/Desktop/relogioDigital/contador4bitsUpDown.vhd Line: 7
Info (12021): Found 2 design units, including 1 entities, in source file contadordecadaupdown.vhd
    Info (12022): Found design unit 1: contadorDecadaUpDown-comportamental File: C:/Users/Breno/Desktop/relogioDigital/contadorDecadaUpDown.vhd Line: 20
    Info (12023): Found entity 1: contadorDecadaUpDown File: C:/Users/Breno/Desktop/relogioDigital/contadorDecadaUpDown.vhd Line: 7
Info (12021): Found 2 design units, including 1 entities, in source file divisordeclock.vhd
    Info (12022): Found design unit 1: divisorDeClock-comportamental File: C:/Users/Breno/Desktop/relogioDigital/divisorDeClock.vhd Line: 31
    Info (12023): Found entity 1: divisorDeClock File: C:/Users/Breno/Desktop/relogioDigital/divisorDeClock.vhd Line: 6
Info (12021): Found 2 design units, including 1 entities, in source file relogiodigital.vhd
    Info (12022): Found design unit 1: relogioDigital-blocosRelogio File: C:/Users/Breno/Desktop/relogioDigital/relogioDigital.vhd Line: 23
    Info (12023): Found entity 1: relogioDigital File: C:/Users/Breno/Desktop/relogioDigital/relogioDigital.vhd Line: 6
Info (12021): Found 2 design units, including 1 entities, in source file setesegmentos.vhd
    Info (12022): Found design unit 1: setesegmentos-combinatorio File: C:/Users/Breno/Desktop/relogioDigital/setesegmentos.vhd Line: 17
    Info (12023): Found entity 1: setesegmentos File: C:/Users/Breno/Desktop/relogioDigital/setesegmentos.vhd Line: 11
Info (12127): Elaborating entity "relogioDigital" for the top level hierarchy
Info (12128): Elaborating entity "divisorDeClock" for hierarchy "divisorDeClock:Bloco_1" File: C:/Users/Breno/Desktop/relogioDigital/relogioDigital.vhd Line: 68
Info (12128): Elaborating entity "contadorDecadaUpDown" for hierarchy "contadorDecadaUpDown:Bloco_2" File: C:/Users/Breno/Desktop/relogioDigital/relogioDigital.vhd Line: 71
Warning (10492): VHDL Process Statement warning at contadorDecadaUpDown.vhd(60): signal "dir" is read inside the Process Statement but isn't in the Process Statement's sensitivity list File: C:/Users/Breno/Desktop/relogioDigital/contadorDecadaUpDown.vhd Line: 60
Warning (10492): VHDL Process Statement warning at contadorDecadaUpDown.vhd(67): signal "dir" is read inside the Process Statement but isn't in the Process Statement's sensitivity list File: C:/Users/Breno/Desktop/relogioDigital/contadorDecadaUpDown.vhd Line: 67
Warning (10631): VHDL Process Statement warning at contadorDecadaUpDown.vhd(23): inferring latch(es) for signal or variable "rco", which holds its previous value in one or more paths through the process File: C:/Users/Breno/Desktop/relogioDigital/contadorDecadaUpDown.vhd Line: 23
Info (12128): Elaborating entity "setesegmentos" for hierarchy "setesegmentos:Bloco_4" File: C:/Users/Breno/Desktop/relogioDigital/relogioDigital.vhd Line: 77
Info (286030): Timing-Driven Synthesis is running
Info (17049): 1 registers lost all their fanouts during netlist optimizations.
Info (16010): Generating hard_block partition "hard_block:auto_generated_inst"
    Info (16011): Adding 0 node(s), including 0 DDIO, 0 PLL, 0 transceiver and 0 LCELL
Info (21057): Implemented 60 device resources after synthesis - the final resource count might be different
    Info (21058): Implemented 13 input pins
    Info (21059): Implemented 14 output pins
    Info (21061): Implemented 33 logic cells
Info: Quartus Prime Analysis & Synthesis was successful. 0 errors, 4 warnings
    Info: Peak virtual memory: 776 megabytes
    Info: Processing ended: Sat Apr 07 17:38:47 2018
    Info: Elapsed time: 00:00:30
    Info: Total CPU time (on all processors): 00:01:01


